Using pre-set license
Built from '2020.3/staging' branch; Version is '2020.3.14f1 (d0d1bb862f9d) revision 13685179'; Using compiler version '192528614'; Build Type 'Release'
OS: 'Windows 10 Home Single Language; OS build 19043.1110; Version 2009; 64bit' Language: 'en' Physical Memory: 8066 MB
BatchMode: 1, IsHumanControllingUs: 0, StartBugReporterOnCrash: 0, Is64bit: 1, IsPro: 0

 COMMAND LINE ARGUMENTS:
G:\Unity-Install\2020.3.14f1\Editor\Unity.exe
-adb2
-batchMode
-noUpm
-name
AssetImportWorker2
-projectPath
G:/AR/AR_Drone_Latest
-logFile
Logs/AssetImportWorker2.log
-srvPort
51587
Successfully changed project path to: G:/AR/AR_Drone_Latest
G:/AR/AR_Drone_Latest
Using Asset Import Pipeline V2.
Refreshing native plugins compatible for Editor in 25.16 ms, found 2 plugins.
Preloading 0 native plugins for Editor in 0.00 ms.
Initialize engine version: 2020.3.14f1 (d0d1bb862f9d)
[Subsystems] Discovering subsystems at path G:/Unity-Install/2020.3.14f1/Editor/Data/Resources/UnitySubsystems
[Subsystems] Discovering subsystems at path G:/AR/AR_Drone_Latest/Assets
GfxDevice: creating device client; threaded=0
Direct3D:
    Version:  Direct3D 11.0 [level 11.1]
    Renderer: NVIDIA GeForce GTX 1050 (ID=0x1c8d)
    Vendor:   
    VRAM:     4019 MB
    Driver:   30.0.14.7141
Initialize mono
Mono path[0] = 'G:/Unity-Install/2020.3.14f1/Editor/Data/Managed'
Mono path[1] = 'G:/Unity-Install/2020.3.14f1/Editor/Data/MonoBleedingEdge/lib/mono/unityjit'
Mono config path = 'G:/Unity-Install/2020.3.14f1/Editor/Data/MonoBleedingEdge/etc'
Using monoOptions --debugger-agent=transport=dt_socket,embedding=1,server=y,suspend=n,address=127.0.0.1:56208
Begin MonoManager ReloadAssembly
Registering precompiled unity dll's ...
Register platform support module: G:/Unity-Install/2020.3.14f1/Editor/Data/PlaybackEngines/WindowsStandaloneSupport/UnityEditor.WindowsStandalone.Extensions.dll
Registered in 0.001147 seconds.
Native extension for WindowsStandalone target not found
Refreshing native plugins compatible for Editor in 23.63 ms, found 2 plugins.
Preloading 0 native plugins for Editor in 0.00 ms.
Mono: successfully reloaded assembly
- Completed reload, in  5.100 seconds
Domain Reload Profiling:
	ReloadAssembly (5100ms)
		BeginReloadAssembly (54ms)
			ExecutionOrderSort (0ms)
			DisableScriptedObjects (0ms)
			BackupInstance (0ms)
			ReleaseScriptingObjects (0ms)
			CreateAndSetChildDomain (1ms)
		EndReloadAssembly (387ms)
			LoadAssemblies (53ms)
			RebuildTransferFunctionScriptingTraits (0ms)
			SetupTypeCache (144ms)
			ReleaseScriptCaches (0ms)
			RebuildScriptCaches (30ms)
			SetupLoadedEditorAssemblies (147ms)
				LogAssemblyErrors (0ms)
				InitializePlatformSupportModulesInManaged (3ms)
				SetLoadedEditorAssemblies (0ms)
				RefreshPlugins (24ms)
				BeforeProcessingInitializeOnLoad (6ms)
				ProcessInitializeOnLoadAttributes (74ms)
				ProcessInitializeOnLoadMethodAttributes (40ms)
				AfterProcessingInitializeOnLoad (0ms)
				EditorAssembliesLoaded (0ms)
			ExecutionOrderSort2 (0ms)
			AwakeInstancesAfterBackupRestoration (0ms)
Platform modules already initialized, skipping
Registering precompiled user dll's ...
Registered in 0.051438 seconds.
Begin MonoManager ReloadAssembly
Native extension for WindowsStandalone target not found
Refreshing native plugins compatible for Editor in 0.28 ms, found 2 plugins.
Preloading 0 native plugins for Editor in 0.00 ms.
Mono: successfully reloaded assembly
- Completed reload, in  0.953 seconds
Domain Reload Profiling:
	ReloadAssembly (954ms)
		BeginReloadAssembly (142ms)
			ExecutionOrderSort (0ms)
			DisableScriptedObjects (4ms)
			BackupInstance (0ms)
			ReleaseScriptingObjects (0ms)
			CreateAndSetChildDomain (17ms)
		EndReloadAssembly (759ms)
			LoadAssemblies (81ms)
			RebuildTransferFunctionScriptingTraits (0ms)
			SetupTypeCache (261ms)
			ReleaseScriptCaches (0ms)
			RebuildScriptCaches (41ms)
			SetupLoadedEditorAssemblies (267ms)
				LogAssemblyErrors (0ms)
				InitializePlatformSupportModulesInManaged (5ms)
				SetLoadedEditorAssemblies (0ms)
				RefreshPlugins (0ms)
				BeforeProcessingInitializeOnLoad (46ms)
				ProcessInitializeOnLoadAttributes (209ms)
				ProcessInitializeOnLoadMethodAttributes (4ms)
				AfterProcessingInitializeOnLoad (2ms)
				EditorAssembliesLoaded (0ms)
			ExecutionOrderSort2 (0ms)
			AwakeInstancesAfterBackupRestoration (6ms)
Platform modules already initialized, skipping
========================================================================
Worker process is ready to serve import requests
Launched and connected shader compiler UnityShaderCompiler.exe after 0.09 seconds
Refreshing native plugins compatible for Editor in 0.28 ms, found 2 plugins.
Preloading 0 native plugins for Editor in 0.00 ms.
Unloading 1394 Unused Serialized files (Serialized files now loaded: 0)
System memory in use before: 64.8 MB.
System memory in use after: 64.9 MB.

Unloading 19 unused Assets to reduce memory usage. Loaded Objects now: 1827.
Total: 2.129100 ms (FindLiveObjects: 0.143100 ms CreateObjectMapping: 0.041800 ms MarkObjects: 1.875100 ms  DeleteObjects: 0.068200 ms)

AssetImportParameters requested are different than current active one (requested -> active):
  custom:framework-win-MediaFoundation: 216162199b28c13a410421893ffa2e32 -> 
  custom:video-decoder-ogg-theora: a1e56fd34408186e4bbccfd4996cb3dc -> 
  custom:container-muxer-webm: aa71ff27fc2769a1b78a27578f13a17b -> 
  custom:container-demuxer-webm: 4f35f7cbe854078d1ac9338744f61a02 -> 
  custom:container-demuxer-ogg: 62fdf1f143b41e24485cea50d1cbac27 -> 
  custom:video-encoder-webm-vp8: eb34c28f22e8b96e1ab97ce403110664 -> 
  custom:video-codec-MediaFoundation-h265: 746d11721c4dcdbdad8f713fa42b33f4 -> 
  custom:video-decoder-webm-vp8: 9c59270c3fd7afecdb556c50c9e8de78 -> 
  custom:audio-decoder-ogg-vorbis: bf7c407c2cedff20999df2af8eb42d56 -> 
  custom:audio-encoder-webm-vorbis: bf7c407c2cedff20999df2af8eb42d56 -> 
========================================================================
Received Import Request.
  path: Assets/Meshes/Quad Drone/DronePatrol [normals].png
  artifactKey: Guid(2a55c5d907f38374ea70e007f62ec176) Importer(815301076,1909f56bfc062723c751e8b465ee728b)
Start importing Assets/Meshes/Quad Drone/DronePatrol [normals].png using Guid(2a55c5d907f38374ea70e007f62ec176) Importer(815301076,1909f56bfc062723c751e8b465ee728b)  -> (artifact id: '272bff4ba59b5ad12889c2094d49ede2') in 0.262557 seconds 
  Import took 0.295686 seconds .

========================================================================
Received Import Request.
  Time since last request: 0.000309 seconds.
  path: Assets/Meshes/Quad Drone/DronePatrol [occlusion].png
  artifactKey: Guid(e80a17ebcbdf8b944b1d0c437a094bb0) Importer(815301076,1909f56bfc062723c751e8b465ee728b)
Start importing Assets/Meshes/Quad Drone/DronePatrol [occlusion].png using Guid(e80a17ebcbdf8b944b1d0c437a094bb0) Importer(815301076,1909f56bfc062723c751e8b465ee728b)  -> (artifact id: 'f730cc6d7822a614c5338ade085b347e') in 0.021335 seconds 
  Import took 0.043360 seconds .

========================================================================
Received Import Request.
  Time since last request: 0.000275 seconds.
  path: Assets/Meshes/Quad Drone/DronePatrol [emission].png
  artifactKey: Guid(86d35dce1f68f42c5806917e33ced28f) Importer(815301076,1909f56bfc062723c751e8b465ee728b)
Start importing Assets/Meshes/Quad Drone/DronePatrol [emission].png using Guid(86d35dce1f68f42c5806917e33ced28f) Importer(815301076,1909f56bfc062723c751e8b465ee728b)  -> (artifact id: '6b0cc7c1211b14e38baad5e48e1b8cd8') in 0.019689 seconds 
  Import took 0.044271 seconds .

========================================================================
Received Import Request.
  Time since last request: 0.000315 seconds.
  path: Assets/Meshes/Quad Drone/DronePatrol [diffuse].png
  artifactKey: Guid(f2ddc8185678226438ccca8ab3d7b9d9) Importer(815301076,1909f56bfc062723c751e8b465ee728b)
Start importing Assets/Meshes/Quad Drone/DronePatrol [diffuse].png using Guid(f2ddc8185678226438ccca8ab3d7b9d9) Importer(815301076,1909f56bfc062723c751e8b465ee728b)  -> (artifact id: 'b8904485f98296ee71821e4c72af2b75') in 0.019438 seconds 
  Import took 0.029413 seconds .

========================================================================
Received Import Request.
  Time since last request: 0.000541 seconds.
  path: Assets/Meshes/Quad Drone/DronePatrol [height].png
  artifactKey: Guid(d3e196d01c4604f7dbaa498ae120d8a0) Importer(815301076,1909f56bfc062723c751e8b465ee728b)
Start importing Assets/Meshes/Quad Drone/DronePatrol [height].png using Guid(d3e196d01c4604f7dbaa498ae120d8a0) Importer(815301076,1909f56bfc062723c751e8b465ee728b)  -> (artifact id: '4739299a7ebede139f1fc7968a797ce8') in 0.018847 seconds 
  Import took 0.034897 seconds .

========================================================================
Received Import Request.
  Time since last request: 0.000362 seconds.
  path: Assets/Meshes/Quad Drone/Badge [diffuse].png
  artifactKey: Guid(72f0d18c2e1a343299d30b87d9b9e7e4) Importer(815301076,1909f56bfc062723c751e8b465ee728b)
Start importing Assets/Meshes/Quad Drone/Badge [diffuse].png using Guid(72f0d18c2e1a343299d30b87d9b9e7e4) Importer(815301076,1909f56bfc062723c751e8b465ee728b)  -> (artifact id: '4e5dfc70bb5401cac1f953a4a4807243') in 0.017815 seconds 
  Import took 0.020411 seconds .

========================================================================
Received Import Request.
  Time since last request: 0.000294 seconds.
  path: Assets/Meshes/Quad Drone/QuadDrone [mesh].FBX
  artifactKey: Guid(bed66fa02a04242a5b1d00c71e6a805f) Importer(815301076,1909f56bfc062723c751e8b465ee728b)
Start importing Assets/Meshes/Quad Drone/QuadDrone [mesh].FBX using Guid(bed66fa02a04242a5b1d00c71e6a805f) Importer(815301076,1909f56bfc062723c751e8b465ee728b)  -> (artifact id: 'f79d8d5919134c3ad965a697afca2165') in 0.502966 seconds 
  Import took 0.506051 seconds .

========================================================================
Received Import Request.
  Time since last request: 0.000414 seconds.
  path: Assets/Meshes/Quad Drone/Badge [emission].png
  artifactKey: Guid(ebd6e182dc2214f90abb6401c25647ad) Importer(815301076,1909f56bfc062723c751e8b465ee728b)
Start importing Assets/Meshes/Quad Drone/Badge [emission].png using Guid(ebd6e182dc2214f90abb6401c25647ad) Importer(815301076,1909f56bfc062723c751e8b465ee728b)  -> (artifact id: '83eef2fd2f4346fd3d7776a5c1f11143') in 0.032646 seconds 
  Import took 0.034983 seconds .

========================================================================
Received Import Request.
  Time since last request: 0.000249 seconds.
  path: Assets/Meshes/Quad Drone/Badge [gloss].png
  artifactKey: Guid(863791c96fc3147458a1b90da3ddf685) Importer(815301076,1909f56bfc062723c751e8b465ee728b)
Start importing Assets/Meshes/Quad Drone/Badge [gloss].png using Guid(863791c96fc3147458a1b90da3ddf685) Importer(815301076,1909f56bfc062723c751e8b465ee728b)  -> (artifact id: 'b46e23d74cd86ce17efdbf721b8afbf8') in 0.011493 seconds 
  Import took 0.021463 seconds .

========================================================================
Received Import Request.
  Time since last request: 0.000257 seconds.
  path: Assets/Meshes/Quad Drone/DronePatrol [metal].png
  artifactKey: Guid(3cce2c701faf1437aa5b1e1c155b87fc) Importer(815301076,1909f56bfc062723c751e8b465ee728b)
Start importing Assets/Meshes/Quad Drone/DronePatrol [metal].png using Guid(3cce2c701faf1437aa5b1e1c155b87fc) Importer(815301076,1909f56bfc062723c751e8b465ee728b)  -> (artifact id: 'bf6d1563bce6d26de3202f7eefd442e1') in 0.016561 seconds 
  Import took 0.019418 seconds .

========================================================================
Received Import Request.
  Time since last request: 0.000326 seconds.
  path: Assets/Meshes/Quad Drone/Badge [normals].png
  artifactKey: Guid(512f05da83b1c4cfd84463c6b13f5ebf) Importer(815301076,1909f56bfc062723c751e8b465ee728b)
Start importing Assets/Meshes/Quad Drone/Badge [normals].png using Guid(512f05da83b1c4cfd84463c6b13f5ebf) Importer(815301076,1909f56bfc062723c751e8b465ee728b)  -> (artifact id: 'af8405e9add9f4cb86614a509fa228ca') in 0.021932 seconds 
  Import took 0.024965 seconds .

========================================================================
Received Import Request.
  Time since last request: 0.000218 seconds.
  path: Assets/Meshes/Quad Drone/DronePatrol [gloss].png
  artifactKey: Guid(067a72c5beffab243abdb5acfa176f28) Importer(815301076,1909f56bfc062723c751e8b465ee728b)
Start importing Assets/Meshes/Quad Drone/DronePatrol [gloss].png using Guid(067a72c5beffab243abdb5acfa176f28) Importer(815301076,1909f56bfc062723c751e8b465ee728b)  -> (artifact id: 'ef375b0677e937cd9a6effe20822228e') in 0.015082 seconds 
  Import took 0.111107 seconds .

========================================================================
Received Import Request.
  Time since last request: 52.277786 seconds.
  path: Assets/Scripts
  artifactKey: Guid(9556de09b22d14a738b8aaaf49929542) Importer(815301076,1909f56bfc062723c751e8b465ee728b)
Start importing Assets/Scripts using Guid(9556de09b22d14a738b8aaaf49929542) Importer(815301076,1909f56bfc062723c751e8b465ee728b)  -> (artifact id: '9e7ab8dafd3b5fa4dbe270bd5b7d3899') in 0.018364 seconds 
  Import took 0.413034 seconds .

========================================================================
Received Import Request.
  Time since last request: 9.192169 seconds.
  path: Assets/Scripts/DroneController.cs
  artifactKey: Guid(53c6a58b1ab034f4c8dec78b5c885ebe) Importer(815301076,1909f56bfc062723c751e8b465ee728b)
Start importing Assets/Scripts/DroneController.cs using Guid(53c6a58b1ab034f4c8dec78b5c885ebe) Importer(815301076,1909f56bfc062723c751e8b465ee728b)  -> (artifact id: '6724644856a9f2b21c81c23b0757f5b2') in 0.015773 seconds 
  Import took 0.029874 seconds .

========================================================================
Received Prepare
Registering precompiled user dll's ...
Registered in 0.002774 seconds.
Begin MonoManager ReloadAssembly
Native extension for WindowsStandalone target not found
Refreshing native plugins compatible for Editor in 0.28 ms, found 2 plugins.
Preloading 0 native plugins for Editor in 0.00 ms.
Mono: successfully reloaded assembly
- Completed reload, in  0.925 seconds
Domain Reload Profiling:
	ReloadAssembly (926ms)
		BeginReloadAssembly (112ms)
			ExecutionOrderSort (0ms)
			DisableScriptedObjects (5ms)
			BackupInstance (0ms)
			ReleaseScriptingObjects (0ms)
			CreateAndSetChildDomain (31ms)
		EndReloadAssembly (759ms)
			LoadAssemblies (84ms)
			RebuildTransferFunctionScriptingTraits (0ms)
			SetupTypeCache (279ms)
			ReleaseScriptCaches (1ms)
			RebuildScriptCaches (35ms)
			SetupLoadedEditorAssemblies (271ms)
				LogAssemblyErrors (0ms)
				InitializePlatformSupportModulesInManaged (7ms)
				SetLoadedEditorAssemblies (0ms)
				RefreshPlugins (0ms)
				BeforeProcessingInitializeOnLoad (42ms)
				ProcessInitializeOnLoadAttributes (215ms)
				ProcessInitializeOnLoadMethodAttributes (4ms)
				AfterProcessingInitializeOnLoad (2ms)
				EditorAssembliesLoaded (0ms)
			ExecutionOrderSort2 (0ms)
			AwakeInstancesAfterBackupRestoration (6ms)
Platform modules already initialized, skipping
Refreshing native plugins compatible for Editor in 0.34 ms, found 2 plugins.
Preloading 0 native plugins for Editor in 0.00 ms.
Unloading 1390 Unused Serialized files (Serialized files now loaded: 0)
System memory in use before: 68.2 MB.
System memory in use after: 68.3 MB.

Unloading 14 unused Assets to reduce memory usage. Loaded Objects now: 1844.
Total: 2.282400 ms (FindLiveObjects: 0.128000 ms CreateObjectMapping: 0.044500 ms MarkObjects: 2.062300 ms  DeleteObjects: 0.046400 ms)

AssetImportParameters requested are different than current active one (requested -> active):
  custom:framework-win-MediaFoundation: 216162199b28c13a410421893ffa2e32 -> 
  custom:video-decoder-ogg-theora: a1e56fd34408186e4bbccfd4996cb3dc -> 
  custom:container-muxer-webm: aa71ff27fc2769a1b78a27578f13a17b -> 
  custom:container-demuxer-webm: 4f35f7cbe854078d1ac9338744f61a02 -> 
  custom:container-demuxer-ogg: 62fdf1f143b41e24485cea50d1cbac27 -> 
  custom:video-encoder-webm-vp8: eb34c28f22e8b96e1ab97ce403110664 -> 
  custom:video-codec-MediaFoundation-h265: 746d11721c4dcdbdad8f713fa42b33f4 -> 
  custom:video-decoder-webm-vp8: 9c59270c3fd7afecdb556c50c9e8de78 -> 
  custom:audio-decoder-ogg-vorbis: bf7c407c2cedff20999df2af8eb42d56 -> 
  custom:audio-encoder-webm-vorbis: bf7c407c2cedff20999df2af8eb42d56 -> 
AssetImportWorkerClient::OnTransportError - code=2 error=End of file
